Base path: /Applications/Unity/Unity.app/Contents
Cmd: initializeCompiler
Cmd: compileComputeKernel
  api=14 insize=1435 outsize=7421 ok=1
Cmd: compileComputeKernel
  api=14 insize=3273 outsize=6509 ok=1
Cmd: translateComputeKernel
  api=14 insize=6581 outsize=1537 ok=1
Cmd: translateComputeKernel
  api=14 insize=865 outsize=901 ok=1
Cmd: initializeCompiler
Cmd: initializeCompiler
Cmd: initializeCompiler
Cmd: initializeCompiler
Cmd: initializeCompiler
Cmd: initializeCompiler
Cmd: initializeCompiler
Cmd: initializeCompiler
Cmd: initializeCompiler
Cmd: initializeCompiler
Cmd: initializeCompiler
Cmd: initializeCompiler
Cmd: initializeCompiler

Quitting shader compiler process
